DEPRECATION WARNING: ActiveSupport.halt_callback_chains_on_return_false= is deprecated and will be removed in Rails 5.2. (called from <top (required)> at /Users/rixey/wdi/full-stack-project/heroku-backend-deploy/config/initializers/new_framework_defaults.rb:18)
Started GET "/" for ::1 at 2018-06-29 09:06:07 -0400
  
ActiveRecord::NoDatabaseError (FATAL:  database "rails-api-template_development" does not exist
):
  
activerecord (5.1.4) lib/active_record/connection_adapters/postgresql_adapter.rb:699:in `rescue in connect'
activerecord (5.1.4) lib/active_record/connection_adapters/postgresql_adapter.rb:694:in `connect'
activerecord (5.1.4) lib/active_record/connection_adapters/postgresql_adapter.rb:220:in `initialize'
activerecord (5.1.4) lib/active_record/connection_adapters/postgresql_adapter.rb:38:in `new'
activerecord (5.1.4) lib/active_record/connection_adapters/postgresql_adapter.rb:38:in `postgresql_connection'
activerecord (5.1.4) lib/active_record/connection_adapters/abstract/connection_pool.rb:759:in `new_connection'
activerecord (5.1.4) lib/active_record/connection_adapters/abstract/connection_pool.rb:803:in `checkout_new_connection'
activerecord (5.1.4) lib/active_record/connection_adapters/abstract/connection_pool.rb:782:in `try_to_checkout_new_connection'
activerecord (5.1.4) lib/active_record/connection_adapters/abstract/connection_pool.rb:743:in `acquire_connection'
activerecord (5.1.4) lib/active_record/connection_adapters/abstract/connection_pool.rb:500:in `checkout'
activerecord (5.1.4) lib/active_record/connection_adapters/abstract/connection_pool.rb:374:in `connection'
activerecord (5.1.4) lib/active_record/connection_adapters/abstract/connection_pool.rb:931:in `retrieve_connection'
activerecord (5.1.4) lib/active_record/connection_handling.rb:116:in `retrieve_connection'
activerecord (5.1.4) lib/active_record/connection_handling.rb:88:in `connection'
activerecord (5.1.4) lib/active_record/migration.rb:562:in `connection'
activerecord (5.1.4) lib/active_record/migration.rb:553:in `call'
actionpack (5.1.4) lib/action_dispatch/middleware/callbacks.rb:26:in `block in call'
activesupport (5.1.4) lib/active_support/callbacks.rb:97:in `run_callbacks'
actionpack (5.1.4) lib/action_dispatch/middleware/callbacks.rb:24:in `call'
actionpack (5.1.4) lib/action_dispatch/middleware/executor.rb:12:in `call'
actionpack (5.1.4) lib/action_dispatch/middleware/debug_exceptions.rb:59:in `call'
actionpack (5.1.4) lib/action_dispatch/middleware/show_exceptions.rb:31:in `call'
railties (5.1.4) lib/rails/rack/logger.rb:36:in `call_app'
railties (5.1.4) lib/rails/rack/logger.rb:24:in `block in call'
activesupport (5.1.4) lib/active_support/tagged_logging.rb:69:in `block in tagged'
activesupport (5.1.4) lib/active_support/tagged_logging.rb:26:in `tagged'
activesupport (5.1.4) lib/active_support/tagged_logging.rb:69:in `tagged'
railties (5.1.4) lib/rails/rack/logger.rb:24:in `call'
actionpack (5.1.4) lib/action_dispatch/middleware/remote_ip.rb:79:in `call'
actionpack (5.1.4) lib/action_dispatch/middleware/request_id.rb:25:in `call'
rack (2.0.4) lib/rack/runtime.rb:22:in `call'
activesupport (5.1.4) lib/active_support/cache/strategy/local_cache_middleware.rb:27:in `call'
actionpack (5.1.4) lib/action_dispatch/middleware/executor.rb:12:in `call'
actionpack (5.1.4) lib/action_dispatch/middleware/static.rb:125:in `call'
rack (2.0.4) lib/rack/sendfile.rb:111:in `call'
rack-cors (1.0.2) lib/rack/cors.rb:97:in `call'
railties (5.1.4) lib/rails/engine.rb:522:in `call'
puma (3.11.2) lib/puma/configuration.rb:225:in `call'
puma (3.11.2) lib/puma/server.rb:624:in `handle_request'
puma (3.11.2) lib/puma/server.rb:438:in `process_client'
puma (3.11.2) lib/puma/server.rb:302:in `block in run'
puma (3.11.2) lib/puma/thread_pool.rb:120:in `block in spawn_thread'
Started GET "/" for ::1 at 2018-06-29 09:10:55 -0400
  
ActiveRecord::NoDatabaseError (FATAL:  database "rails-api-template_development" does not exist
):
  
activerecord (5.1.4) lib/active_record/connection_adapters/postgresql_adapter.rb:699:in `rescue in connect'
activerecord (5.1.4) lib/active_record/connection_adapters/postgresql_adapter.rb:694:in `connect'
activerecord (5.1.4) lib/active_record/connection_adapters/postgresql_adapter.rb:220:in `initialize'
activerecord (5.1.4) lib/active_record/connection_adapters/postgresql_adapter.rb:38:in `new'
activerecord (5.1.4) lib/active_record/connection_adapters/postgresql_adapter.rb:38:in `postgresql_connection'
activerecord (5.1.4) lib/active_record/connection_adapters/abstract/connection_pool.rb:759:in `new_connection'
activerecord (5.1.4) lib/active_record/connection_adapters/abstract/connection_pool.rb:803:in `checkout_new_connection'
activerecord (5.1.4) lib/active_record/connection_adapters/abstract/connection_pool.rb:782:in `try_to_checkout_new_connection'
activerecord (5.1.4) lib/active_record/connection_adapters/abstract/connection_pool.rb:743:in `acquire_connection'
activerecord (5.1.4) lib/active_record/connection_adapters/abstract/connection_pool.rb:500:in `checkout'
activerecord (5.1.4) lib/active_record/connection_adapters/abstract/connection_pool.rb:374:in `connection'
activerecord (5.1.4) lib/active_record/connection_adapters/abstract/connection_pool.rb:931:in `retrieve_connection'
activerecord (5.1.4) lib/active_record/connection_handling.rb:116:in `retrieve_connection'
activerecord (5.1.4) lib/active_record/connection_handling.rb:88:in `connection'
activerecord (5.1.4) lib/active_record/migration.rb:562:in `connection'
activerecord (5.1.4) lib/active_record/migration.rb:553:in `call'
actionpack (5.1.4) lib/action_dispatch/middleware/callbacks.rb:26:in `block in call'
activesupport (5.1.4) lib/active_support/callbacks.rb:97:in `run_callbacks'
actionpack (5.1.4) lib/action_dispatch/middleware/callbacks.rb:24:in `call'
actionpack (5.1.4) lib/action_dispatch/middleware/executor.rb:12:in `call'
actionpack (5.1.4) lib/action_dispatch/middleware/debug_exceptions.rb:59:in `call'
actionpack (5.1.4) lib/action_dispatch/middleware/show_exceptions.rb:31:in `call'
railties (5.1.4) lib/rails/rack/logger.rb:36:in `call_app'
railties (5.1.4) lib/rails/rack/logger.rb:24:in `block in call'
activesupport (5.1.4) lib/active_support/tagged_logging.rb:69:in `block in tagged'
activesupport (5.1.4) lib/active_support/tagged_logging.rb:26:in `tagged'
activesupport (5.1.4) lib/active_support/tagged_logging.rb:69:in `tagged'
railties (5.1.4) lib/rails/rack/logger.rb:24:in `call'
actionpack (5.1.4) lib/action_dispatch/middleware/remote_ip.rb:79:in `call'
actionpack (5.1.4) lib/action_dispatch/middleware/request_id.rb:25:in `call'
rack (2.0.4) lib/rack/runtime.rb:22:in `call'
activesupport (5.1.4) lib/active_support/cache/strategy/local_cache_middleware.rb:27:in `call'
actionpack (5.1.4) lib/action_dispatch/middleware/executor.rb:12:in `call'
actionpack (5.1.4) lib/action_dispatch/middleware/static.rb:125:in `call'
rack (2.0.4) lib/rack/sendfile.rb:111:in `call'
rack-cors (1.0.2) lib/rack/cors.rb:97:in `call'
railties (5.1.4) lib/rails/engine.rb:522:in `call'
puma (3.11.2) lib/puma/configuration.rb:225:in `call'
puma (3.11.2) lib/puma/server.rb:624:in `handle_request'
puma (3.11.2) lib/puma/server.rb:438:in `process_client'
puma (3.11.2) lib/puma/server.rb:302:in `block in run'
puma (3.11.2) lib/puma/thread_pool.rb:120:in `block in spawn_thread'
Started GET "/" for ::1 at 2018-06-29 09:15:59 -0400
  
ActiveRecord::NoDatabaseError (FATAL:  database "rails-api-template_development" does not exist
):
  
activerecord (5.1.4) lib/active_record/connection_adapters/postgresql_adapter.rb:699:in `rescue in connect'
activerecord (5.1.4) lib/active_record/connection_adapters/postgresql_adapter.rb:694:in `connect'
activerecord (5.1.4) lib/active_record/connection_adapters/postgresql_adapter.rb:220:in `initialize'
activerecord (5.1.4) lib/active_record/connection_adapters/postgresql_adapter.rb:38:in `new'
activerecord (5.1.4) lib/active_record/connection_adapters/postgresql_adapter.rb:38:in `postgresql_connection'
activerecord (5.1.4) lib/active_record/connection_adapters/abstract/connection_pool.rb:759:in `new_connection'
activerecord (5.1.4) lib/active_record/connection_adapters/abstract/connection_pool.rb:803:in `checkout_new_connection'
activerecord (5.1.4) lib/active_record/connection_adapters/abstract/connection_pool.rb:782:in `try_to_checkout_new_connection'
activerecord (5.1.4) lib/active_record/connection_adapters/abstract/connection_pool.rb:743:in `acquire_connection'
activerecord (5.1.4) lib/active_record/connection_adapters/abstract/connection_pool.rb:500:in `checkout'
activerecord (5.1.4) lib/active_record/connection_adapters/abstract/connection_pool.rb:374:in `connection'
activerecord (5.1.4) lib/active_record/connection_adapters/abstract/connection_pool.rb:931:in `retrieve_connection'
activerecord (5.1.4) lib/active_record/connection_handling.rb:116:in `retrieve_connection'
activerecord (5.1.4) lib/active_record/connection_handling.rb:88:in `connection'
activerecord (5.1.4) lib/active_record/migration.rb:562:in `connection'
activerecord (5.1.4) lib/active_record/migration.rb:553:in `call'
actionpack (5.1.4) lib/action_dispatch/middleware/callbacks.rb:26:in `block in call'
activesupport (5.1.4) lib/active_support/callbacks.rb:97:in `run_callbacks'
actionpack (5.1.4) lib/action_dispatch/middleware/callbacks.rb:24:in `call'
actionpack (5.1.4) lib/action_dispatch/middleware/executor.rb:12:in `call'
actionpack (5.1.4) lib/action_dispatch/middleware/debug_exceptions.rb:59:in `call'
actionpack (5.1.4) lib/action_dispatch/middleware/show_exceptions.rb:31:in `call'
railties (5.1.4) lib/rails/rack/logger.rb:36:in `call_app'
railties (5.1.4) lib/rails/rack/logger.rb:24:in `block in call'
activesupport (5.1.4) lib/active_support/tagged_logging.rb:69:in `block in tagged'
activesupport (5.1.4) lib/active_support/tagged_logging.rb:26:in `tagged'
activesupport (5.1.4) lib/active_support/tagged_logging.rb:69:in `tagged'
railties (5.1.4) lib/rails/rack/logger.rb:24:in `call'
actionpack (5.1.4) lib/action_dispatch/middleware/remote_ip.rb:79:in `call'
actionpack (5.1.4) lib/action_dispatch/middleware/request_id.rb:25:in `call'
rack (2.0.4) lib/rack/runtime.rb:22:in `call'
activesupport (5.1.4) lib/active_support/cache/strategy/local_cache_middleware.rb:27:in `call'
actionpack (5.1.4) lib/action_dispatch/middleware/executor.rb:12:in `call'
actionpack (5.1.4) lib/action_dispatch/middleware/static.rb:125:in `call'
rack (2.0.4) lib/rack/sendfile.rb:111:in `call'
rack-cors (1.0.2) lib/rack/cors.rb:97:in `call'
railties (5.1.4) lib/rails/engine.rb:522:in `call'
puma (3.11.2) lib/puma/configuration.rb:225:in `call'
puma (3.11.2) lib/puma/server.rb:624:in `handle_request'
puma (3.11.2) lib/puma/server.rb:438:in `process_client'
puma (3.11.2) lib/puma/server.rb:302:in `block in run'
puma (3.11.2) lib/puma/thread_pool.rb:120:in `block in spawn_thread'
Started GET "/" for ::1 at 2018-06-29 09:16:12 -0400
  
ActiveRecord::NoDatabaseError (FATAL:  database "rails-api-template_development" does not exist
):
  
activerecord (5.1.4) lib/active_record/connection_adapters/postgresql_adapter.rb:699:in `rescue in connect'
activerecord (5.1.4) lib/active_record/connection_adapters/postgresql_adapter.rb:694:in `connect'
activerecord (5.1.4) lib/active_record/connection_adapters/postgresql_adapter.rb:220:in `initialize'
activerecord (5.1.4) lib/active_record/connection_adapters/postgresql_adapter.rb:38:in `new'
activerecord (5.1.4) lib/active_record/connection_adapters/postgresql_adapter.rb:38:in `postgresql_connection'
activerecord (5.1.4) lib/active_record/connection_adapters/abstract/connection_pool.rb:759:in `new_connection'
activerecord (5.1.4) lib/active_record/connection_adapters/abstract/connection_pool.rb:803:in `checkout_new_connection'
activerecord (5.1.4) lib/active_record/connection_adapters/abstract/connection_pool.rb:782:in `try_to_checkout_new_connection'
activerecord (5.1.4) lib/active_record/connection_adapters/abstract/connection_pool.rb:743:in `acquire_connection'
activerecord (5.1.4) lib/active_record/connection_adapters/abstract/connection_pool.rb:500:in `checkout'
activerecord (5.1.4) lib/active_record/connection_adapters/abstract/connection_pool.rb:374:in `connection'
activerecord (5.1.4) lib/active_record/connection_adapters/abstract/connection_pool.rb:931:in `retrieve_connection'
activerecord (5.1.4) lib/active_record/connection_handling.rb:116:in `retrieve_connection'
activerecord (5.1.4) lib/active_record/connection_handling.rb:88:in `connection'
activerecord (5.1.4) lib/active_record/migration.rb:562:in `connection'
activerecord (5.1.4) lib/active_record/migration.rb:553:in `call'
actionpack (5.1.4) lib/action_dispatch/middleware/callbacks.rb:26:in `block in call'
activesupport (5.1.4) lib/active_support/callbacks.rb:97:in `run_callbacks'
actionpack (5.1.4) lib/action_dispatch/middleware/callbacks.rb:24:in `call'
actionpack (5.1.4) lib/action_dispatch/middleware/executor.rb:12:in `call'
actionpack (5.1.4) lib/action_dispatch/middleware/debug_exceptions.rb:59:in `call'
actionpack (5.1.4) lib/action_dispatch/middleware/show_exceptions.rb:31:in `call'
railties (5.1.4) lib/rails/rack/logger.rb:36:in `call_app'
railties (5.1.4) lib/rails/rack/logger.rb:24:in `block in call'
activesupport (5.1.4) lib/active_support/tagged_logging.rb:69:in `block in tagged'
activesupport (5.1.4) lib/active_support/tagged_logging.rb:26:in `tagged'
activesupport (5.1.4) lib/active_support/tagged_logging.rb:69:in `tagged'
railties (5.1.4) lib/rails/rack/logger.rb:24:in `call'
actionpack (5.1.4) lib/action_dispatch/middleware/remote_ip.rb:79:in `call'
actionpack (5.1.4) lib/action_dispatch/middleware/request_id.rb:25:in `call'
rack (2.0.4) lib/rack/runtime.rb:22:in `call'
activesupport (5.1.4) lib/active_support/cache/strategy/local_cache_middleware.rb:27:in `call'
actionpack (5.1.4) lib/action_dispatch/middleware/executor.rb:12:in `call'
actionpack (5.1.4) lib/action_dispatch/middleware/static.rb:125:in `call'
rack (2.0.4) lib/rack/sendfile.rb:111:in `call'
rack-cors (1.0.2) lib/rack/cors.rb:97:in `call'
railties (5.1.4) lib/rails/engine.rb:522:in `call'
puma (3.11.2) lib/puma/configuration.rb:225:in `call'
puma (3.11.2) lib/puma/server.rb:624:in `handle_request'
puma (3.11.2) lib/puma/server.rb:438:in `process_client'
puma (3.11.2) lib/puma/server.rb:302:in `block in run'
puma (3.11.2) lib/puma/thread_pool.rb:120:in `block in spawn_thread'
Started GET "/" for ::1 at 2018-06-29 09:19:19 -0400
  
ActiveRecord::PendingMigrationError (

Migrations are pending. To resolve this issue, run:

        bin/rails db:migrate RAILS_ENV=development

):
  
activerecord (5.1.4) lib/active_record/migration.rb:576:in `check_pending!'
activerecord (5.1.4) lib/active_record/migration.rb:553:in `call'
actionpack (5.1.4) lib/action_dispatch/middleware/callbacks.rb:26:in `block in call'
activesupport (5.1.4) lib/active_support/callbacks.rb:97:in `run_callbacks'
actionpack (5.1.4) lib/action_dispatch/middleware/callbacks.rb:24:in `call'
actionpack (5.1.4) lib/action_dispatch/middleware/executor.rb:12:in `call'
actionpack (5.1.4) lib/action_dispatch/middleware/debug_exceptions.rb:59:in `call'
actionpack (5.1.4) lib/action_dispatch/middleware/show_exceptions.rb:31:in `call'
railties (5.1.4) lib/rails/rack/logger.rb:36:in `call_app'
railties (5.1.4) lib/rails/rack/logger.rb:24:in `block in call'
activesupport (5.1.4) lib/active_support/tagged_logging.rb:69:in `block in tagged'
activesupport (5.1.4) lib/active_support/tagged_logging.rb:26:in `tagged'
activesupport (5.1.4) lib/active_support/tagged_logging.rb:69:in `tagged'
railties (5.1.4) lib/rails/rack/logger.rb:24:in `call'
actionpack (5.1.4) lib/action_dispatch/middleware/remote_ip.rb:79:in `call'
actionpack (5.1.4) lib/action_dispatch/middleware/request_id.rb:25:in `call'
rack (2.0.4) lib/rack/runtime.rb:22:in `call'
activesupport (5.1.4) lib/active_support/cache/strategy/local_cache_middleware.rb:27:in `call'
actionpack (5.1.4) lib/action_dispatch/middleware/executor.rb:12:in `call'
actionpack (5.1.4) lib/action_dispatch/middleware/static.rb:125:in `call'
rack (2.0.4) lib/rack/sendfile.rb:111:in `call'
rack-cors (1.0.2) lib/rack/cors.rb:97:in `call'
railties (5.1.4) lib/rails/engine.rb:522:in `call'
puma (3.11.2) lib/puma/configuration.rb:225:in `call'
puma (3.11.2) lib/puma/server.rb:624:in `handle_request'
puma (3.11.2) lib/puma/server.rb:438:in `process_client'
puma (3.11.2) lib/puma/server.rb:302:in `block in run'
puma (3.11.2) lib/puma/thread_pool.rb:120:in `block in spawn_thread'
DEPRECATION WARNING: ActiveSupport.halt_callback_chains_on_return_false= is deprecated and will be removed in Rails 5.2. (called from <top (required)> at /Users/rixey/wdi/full-stack-project/heroku-backend-deploy/config/initializers/new_framework_defaults.rb:18)
  [1m[35m (11.0ms)[0m  [1m[35mCREATE TABLE "schema_migrations" ("version" character varying NOT NULL PRIMARY KEY)[0m
  [1m[35m (3.1ms)[0m  [1m[35mCREATE TABLE "ar_internal_metadata" ("key" character varying NOT NULL PRIMARY KEY, "value" character varying, "created_at" timestamp NOT NULL, "updated_at" timestamp NOT NULL)[0m
  [1m[35m (0.2ms)[0m  [1m[34mSELECT pg_try_advisory_lock(2240333999022301455)[0m
  [1m[35m (0.5ms)[0m  [1m[34mSELECT "schema_migrations"."version" FROM "schema_migrations" ORDER BY "schema_migrations"."version" ASC[0m
Migrating to CreateUsers (1)
  [1m[35m (0.2ms)[0m  [1m[35mBEGIN[0m
  [1m[35m (21.7ms)[0m  [1m[35mCREATE TABLE "users" ("id" bigserial primary key, "email" character varying NOT NULL, "token" character varying NOT NULL, "password_digest" character varying NOT NULL, "created_at" timestamp NOT NULL, "updated_at" timestamp NOT NULL)[0m
  [1m[35m (1.1ms)[0m  [1m[35mCREATE UNIQUE INDEX  "index_users_on_email" ON "users"  ("email")[0m
  [1m[35m (1.1ms)[0m  [1m[35mCREATE UNIQUE INDEX  "index_users_on_token" ON "users"  ("token")[0m
  [1m[35mSQL (0.5ms)[0m  [1m[32mINSERT INTO "schema_migrations" ("version") VALUES ($1) RETURNING "version"[0m  [["version", "1"]]
  [1m[35m (0.5ms)[0m  [1m[35mCOMMIT[0m
Migrating to CreateExamples (2)
  [1m[35m (6.2ms)[0m  [1m[35mBEGIN[0m
  [1m[35m (16.4ms)[0m  [1m[35mCREATE TABLE "examples" ("id" bigserial primary key, "text" text NOT NULL, "user_id" bigint NOT NULL, "created_at" timestamp NOT NULL, "updated_at" timestamp NOT NULL, CONSTRAINT "fk_rails_ae101d15cc"
FOREIGN KEY ("user_id")
  REFERENCES "users" ("id")
)[0m
  [1m[35m (6.3ms)[0m  [1m[35mCREATE  INDEX  "index_examples_on_user_id" ON "examples"  ("user_id")[0m
  [1m[35mSQL (0.3ms)[0m  [1m[32mINSERT INTO "schema_migrations" ("version") VALUES ($1) RETURNING "version"[0m  [["version", "2"]]
  [1m[35m (0.4ms)[0m  [1m[35mCOMMIT[0m
  [1m[36mActiveRecord::InternalMetadata Load (0.3ms)[0m  [1m[34mSELECT  "ar_internal_metadata".* FROM "ar_internal_metadata" WHERE "ar_internal_metadata"."key" = $1 LIMIT $2[0m  [["key", "environment"], ["LIMIT", 1]]
  [1m[35m (0.1ms)[0m  [1m[35mBEGIN[0m
  [1m[35mSQL (1.1ms)[0m  [1m[32mINSERT INTO "ar_internal_metadata" ("key", "value", "created_at", "updated_at") VALUES ($1, $2, $3, $4) RETURNING "key"[0m  [["key", "environment"], ["value", "development"], ["created_at", "2018-06-29 13:19:40.130117"], ["updated_at", "2018-06-29 13:19:40.130117"]]
  [1m[35m (0.5ms)[0m  [1m[35mCOMMIT[0m
  [1m[35m (0.3ms)[0m  [1m[34mSELECT pg_advisory_unlock(2240333999022301455)[0m
  [1m[35m (0.2ms)[0m  [1m[34mSELECT "schema_migrations"."version" FROM "schema_migrations" ORDER BY "schema_migrations"."version" ASC[0m
Started GET "/" for ::1 at 2018-06-29 09:19:42 -0400
  [1m[35m (0.6ms)[0m  [1m[34mSELECT "schema_migrations"."version" FROM "schema_migrations" ORDER BY "schema_migrations"."version" ASC[0m
Processing by Rails::WelcomeController#index as HTML
  Rendering /Users/rixey/.rbenv/versions/2.5.0/lib/ruby/gems/2.5.0/gems/railties-5.1.4/lib/rails/templates/rails/welcome/index.html.erb
  Rendered /Users/rixey/.rbenv/versions/2.5.0/lib/ruby/gems/2.5.0/gems/railties-5.1.4/lib/rails/templates/rails/welcome/index.html.erb (2.2ms)
Completed 200 OK in 9ms (Views: 5.5ms | ActiveRecord: 0.0ms)


DEPRECATION WARNING: ActiveSupport.halt_callback_chains_on_return_false= is deprecated and will be removed in Rails 5.2. (called from <top (required)> at /Users/rixey/wdi/full-stack-project/heroku-backend-deploy/config/initializers/new_framework_defaults.rb:18)
DEPRECATION WARNING: ActiveSupport.halt_callback_chains_on_return_false= is deprecated and will be removed in Rails 5.2. (called from <top (required)> at /Users/rixey/wdi/full-stack-project/heroku-backend-deploy/config/initializers/new_framework_defaults.rb:18)
DEPRECATION WARNING: ActiveSupport.halt_callback_chains_on_return_false= is deprecated and will be removed in Rails 5.2. (called from <top (required)> at /Users/rixey/wdi/full-stack-project/heroku-backend-deploy/config/initializers/new_framework_defaults.rb:18)
Started GET "/" for ::1 at 2018-06-29 09:57:54 -0400
  [1m[35m (0.2ms)[0m  [1m[34mSELECT "schema_migrations"."version" FROM "schema_migrations" ORDER BY "schema_migrations"."version" ASC[0m
  
ActiveRecord::PendingMigrationError (

Migrations are pending. To resolve this issue, run:

        bin/rails db:migrate RAILS_ENV=development

):
  
activerecord (5.1.4) lib/active_record/migration.rb:576:in `check_pending!'
activerecord (5.1.4) lib/active_record/migration.rb:553:in `call'
actionpack (5.1.4) lib/action_dispatch/middleware/callbacks.rb:26:in `block in call'
activesupport (5.1.4) lib/active_support/callbacks.rb:97:in `run_callbacks'
actionpack (5.1.4) lib/action_dispatch/middleware/callbacks.rb:24:in `call'
actionpack (5.1.4) lib/action_dispatch/middleware/executor.rb:12:in `call'
actionpack (5.1.4) lib/action_dispatch/middleware/debug_exceptions.rb:59:in `call'
actionpack (5.1.4) lib/action_dispatch/middleware/show_exceptions.rb:31:in `call'
railties (5.1.4) lib/rails/rack/logger.rb:36:in `call_app'
railties (5.1.4) lib/rails/rack/logger.rb:24:in `block in call'
activesupport (5.1.4) lib/active_support/tagged_logging.rb:69:in `block in tagged'
activesupport (5.1.4) lib/active_support/tagged_logging.rb:26:in `tagged'
activesupport (5.1.4) lib/active_support/tagged_logging.rb:69:in `tagged'
railties (5.1.4) lib/rails/rack/logger.rb:24:in `call'
actionpack (5.1.4) lib/action_dispatch/middleware/remote_ip.rb:79:in `call'
actionpack (5.1.4) lib/action_dispatch/middleware/request_id.rb:25:in `call'
rack (2.0.4) lib/rack/runtime.rb:22:in `call'
activesupport (5.1.4) lib/active_support/cache/strategy/local_cache_middleware.rb:27:in `call'
actionpack (5.1.4) lib/action_dispatch/middleware/executor.rb:12:in `call'
actionpack (5.1.4) lib/action_dispatch/middleware/static.rb:125:in `call'
rack (2.0.4) lib/rack/sendfile.rb:111:in `call'
rack-cors (1.0.2) lib/rack/cors.rb:97:in `call'
railties (5.1.4) lib/rails/engine.rb:522:in `call'
puma (3.11.2) lib/puma/configuration.rb:225:in `call'
puma (3.11.2) lib/puma/server.rb:624:in `handle_request'
puma (3.11.2) lib/puma/server.rb:438:in `process_client'
puma (3.11.2) lib/puma/server.rb:302:in `block in run'
puma (3.11.2) lib/puma/thread_pool.rb:120:in `block in spawn_thread'
DEPRECATION WARNING: ActiveSupport.halt_callback_chains_on_return_false= is deprecated and will be removed in Rails 5.2. (called from <top (required)> at /Users/rixey/wdi/full-stack-project/heroku-backend-deploy/config/initializers/new_framework_defaults.rb:18)
  [1m[35m (0.1ms)[0m  [1m[34mSELECT pg_try_advisory_lock(2240333999022301455)[0m
  [1m[35m (0.4ms)[0m  [1m[34mSELECT "schema_migrations"."version" FROM "schema_migrations" ORDER BY "schema_migrations"."version" ASC[0m
Migrating to CreateRaiders (20180629134313)
  [1m[35m (0.1ms)[0m  [1m[35mBEGIN[0m
  [1m[35m (13.5ms)[0m  [1m[35mCREATE TABLE "raiders" ("id" bigserial primary key, "name" character varying, "power" integer, "created_at" timestamp NOT NULL, "updated_at" timestamp NOT NULL)[0m
  [1m[35mSQL (0.3ms)[0m  [1m[32mINSERT INTO "schema_migrations" ("version") VALUES ($1) RETURNING "version"[0m  [["version", "20180629134313"]]
  [1m[35m (0.6ms)[0m  [1m[35mCOMMIT[0m
  [1m[36mActiveRecord::InternalMetadata Load (0.3ms)[0m  [1m[34mSELECT  "ar_internal_metadata".* FROM "ar_internal_metadata" WHERE "ar_internal_metadata"."key" = $1 LIMIT $2[0m  [["key", "environment"], ["LIMIT", 1]]
  [1m[35m (0.1ms)[0m  [1m[35mBEGIN[0m
  [1m[35m (0.2ms)[0m  [1m[35mCOMMIT[0m
  [1m[35m (0.2ms)[0m  [1m[34mSELECT pg_advisory_unlock(2240333999022301455)[0m
  [1m[35m (0.2ms)[0m  [1m[34mSELECT "schema_migrations"."version" FROM "schema_migrations" ORDER BY "schema_migrations"."version" ASC[0m
DEPRECATION WARNING: ActiveSupport.halt_callback_chains_on_return_false= is deprecated and will be removed in Rails 5.2. (called from <top (required)> at /Users/rixey/wdi/full-stack-project/heroku-backend-deploy/config/initializers/new_framework_defaults.rb:18)
Started GET "/" for ::1 at 2018-06-29 09:58:40 -0400
  [1m[35m (0.5ms)[0m  [1m[34mSELECT "schema_migrations"."version" FROM "schema_migrations" ORDER BY "schema_migrations"."version" ASC[0m
Processing by Rails::WelcomeController#index as HTML
  Rendering /Users/rixey/.rbenv/versions/2.5.0/lib/ruby/gems/2.5.0/gems/railties-5.1.4/lib/rails/templates/rails/welcome/index.html.erb
  Rendered /Users/rixey/.rbenv/versions/2.5.0/lib/ruby/gems/2.5.0/gems/railties-5.1.4/lib/rails/templates/rails/welcome/index.html.erb (2.8ms)
Completed 200 OK in 10ms (Views: 7.9ms | ActiveRecord: 0.0ms)


Started GET "/users" for ::1 at 2018-06-29 09:58:43 -0400
Processing by UsersController#index as HTML
Filter chain halted as :authenticate rendered or redirected
Completed 401 Unauthorized in 1ms (Views: 0.1ms | ActiveRecord: 0.0ms)


Started GET "/raiders" for ::1 at 2018-06-29 09:58:49 -0400
Processing by RaidersController#index as HTML
  [1m[36mRaider Load (0.6ms)[0m  [1m[34mSELECT "raiders".* FROM "raiders"[0m
[active_model_serializers] Rendered ActiveModel::Serializer::CollectionSerializer with ActiveModelSerializers::Adapter::Json (1.9ms)
Completed 200 OK in 44ms (Views: 33.0ms | ActiveRecord: 8.7ms)


Started GET "/raiders" for ::1 at 2018-06-29 10:49:47 -0400
Processing by RaidersController#index as HTML
  [1m[36mRaider Load (0.7ms)[0m  [1m[34mSELECT "raiders".* FROM "raiders"[0m
[active_model_serializers] Rendered ActiveModel::Serializer::CollectionSerializer with ActiveModelSerializers::Adapter::Json (0.36ms)
Completed 200 OK in 3ms (Views: 1.7ms | ActiveRecord: 0.7ms)


Started POST "/users" for ::1 at 2018-06-29 10:56:13 -0400
  
AbstractController::ActionNotFound (The action 'create' could not be found for UsersController):
  
actionpack (5.1.4) lib/abstract_controller/base.rb:119:in `process'
actionpack (5.1.4) lib/action_controller/metal.rb:189:in `dispatch'
actionpack (5.1.4) lib/action_controller/metal.rb:253:in `dispatch'
actionpack (5.1.4) lib/action_dispatch/routing/route_set.rb:49:in `dispatch'
actionpack (5.1.4) lib/action_dispatch/routing/route_set.rb:31:in `serve'
actionpack (5.1.4) lib/action_dispatch/journey/router.rb:50:in `block in serve'
actionpack (5.1.4) lib/action_dispatch/journey/router.rb:33:in `each'
actionpack (5.1.4) lib/action_dispatch/journey/router.rb:33:in `serve'
actionpack (5.1.4) lib/action_dispatch/routing/route_set.rb:834:in `call'
rack (2.0.4) lib/rack/etag.rb:25:in `call'
rack (2.0.4) lib/rack/conditional_get.rb:38:in `call'
rack (2.0.4) lib/rack/head.rb:12:in `call'
activerecord (5.1.4) lib/active_record/migration.rb:556:in `call'
actionpack (5.1.4) lib/action_dispatch/middleware/callbacks.rb:26:in `block in call'
activesupport (5.1.4) lib/active_support/callbacks.rb:97:in `run_callbacks'
actionpack (5.1.4) lib/action_dispatch/middleware/callbacks.rb:24:in `call'
actionpack (5.1.4) lib/action_dispatch/middleware/executor.rb:12:in `call'
actionpack (5.1.4) lib/action_dispatch/middleware/debug_exceptions.rb:59:in `call'
actionpack (5.1.4) lib/action_dispatch/middleware/show_exceptions.rb:31:in `call'
railties (5.1.4) lib/rails/rack/logger.rb:36:in `call_app'
railties (5.1.4) lib/rails/rack/logger.rb:24:in `block in call'
activesupport (5.1.4) lib/active_support/tagged_logging.rb:69:in `block in tagged'
activesupport (5.1.4) lib/active_support/tagged_logging.rb:26:in `tagged'
activesupport (5.1.4) lib/active_support/tagged_logging.rb:69:in `tagged'
railties (5.1.4) lib/rails/rack/logger.rb:24:in `call'
actionpack (5.1.4) lib/action_dispatch/middleware/remote_ip.rb:79:in `call'
actionpack (5.1.4) lib/action_dispatch/middleware/request_id.rb:25:in `call'
rack (2.0.4) lib/rack/runtime.rb:22:in `call'
activesupport (5.1.4) lib/active_support/cache/strategy/local_cache_middleware.rb:27:in `call'
actionpack (5.1.4) lib/action_dispatch/middleware/executor.rb:12:in `call'
actionpack (5.1.4) lib/action_dispatch/middleware/static.rb:125:in `call'
rack (2.0.4) lib/rack/sendfile.rb:111:in `call'
rack-cors (1.0.2) lib/rack/cors.rb:97:in `call'
railties (5.1.4) lib/rails/engine.rb:522:in `call'
puma (3.11.2) lib/puma/configuration.rb:225:in `call'
puma (3.11.2) lib/puma/server.rb:624:in `handle_request'
puma (3.11.2) lib/puma/server.rb:438:in `process_client'
puma (3.11.2) lib/puma/server.rb:302:in `block in run'
puma (3.11.2) lib/puma/thread_pool.rb:120:in `block in spawn_thread'
Started GET "/meals/" for ::1 at 2018-06-29 13:06:15 -0400
  
ActionController::RoutingError (No route matches [GET] "/meals"):
  
actionpack (5.1.4) lib/action_dispatch/middleware/debug_exceptions.rb:63:in `call'
actionpack (5.1.4) lib/action_dispatch/middleware/show_exceptions.rb:31:in `call'
railties (5.1.4) lib/rails/rack/logger.rb:36:in `call_app'
railties (5.1.4) lib/rails/rack/logger.rb:24:in `block in call'
activesupport (5.1.4) lib/active_support/tagged_logging.rb:69:in `block in tagged'
activesupport (5.1.4) lib/active_support/tagged_logging.rb:26:in `tagged'
activesupport (5.1.4) lib/active_support/tagged_logging.rb:69:in `tagged'
railties (5.1.4) lib/rails/rack/logger.rb:24:in `call'
actionpack (5.1.4) lib/action_dispatch/middleware/remote_ip.rb:79:in `call'
actionpack (5.1.4) lib/action_dispatch/middleware/request_id.rb:25:in `call'
rack (2.0.4) lib/rack/runtime.rb:22:in `call'
activesupport (5.1.4) lib/active_support/cache/strategy/local_cache_middleware.rb:27:in `call'
actionpack (5.1.4) lib/action_dispatch/middleware/executor.rb:12:in `call'
actionpack (5.1.4) lib/action_dispatch/middleware/static.rb:125:in `call'
rack (2.0.4) lib/rack/sendfile.rb:111:in `call'
rack-cors (1.0.2) lib/rack/cors.rb:97:in `call'
railties (5.1.4) lib/rails/engine.rb:522:in `call'
puma (3.11.2) lib/puma/configuration.rb:225:in `call'
puma (3.11.2) lib/puma/server.rb:624:in `handle_request'
puma (3.11.2) lib/puma/server.rb:438:in `process_client'
puma (3.11.2) lib/puma/server.rb:302:in `block in run'
puma (3.11.2) lib/puma/thread_pool.rb:120:in `block in spawn_thread'
Started GET "/raiders/" for ::1 at 2018-06-29 13:06:19 -0400
Processing by RaidersController#index as HTML
  [1m[36mRaider Load (0.5ms)[0m  [1m[34mSELECT "raiders".* FROM "raiders"[0m
[active_model_serializers] Rendered ActiveModel::Serializer::CollectionSerializer with ActiveModelSerializers::Adapter::Json (0.28ms)
Completed 200 OK in 3ms (Views: 1.9ms | ActiveRecord: 0.5ms)


Started GET "/" for ::1 at 2018-06-29 13:13:09 -0400
Processing by Rails::WelcomeController#index as HTML
  Rendering /Users/rixey/.rbenv/versions/2.5.0/lib/ruby/gems/2.5.0/gems/railties-5.1.4/lib/rails/templates/rails/welcome/index.html.erb
  Rendered /Users/rixey/.rbenv/versions/2.5.0/lib/ruby/gems/2.5.0/gems/railties-5.1.4/lib/rails/templates/rails/welcome/index.html.erb (2.3ms)
Completed 200 OK in 8ms (Views: 5.5ms | ActiveRecord: 0.0ms)


Started POST "/users" for ::1 at 2018-06-29 13:13:59 -0400
  
AbstractController::ActionNotFound (The action 'create' could not be found for UsersController):
  
actionpack (5.1.4) lib/abstract_controller/base.rb:119:in `process'
actionpack (5.1.4) lib/action_controller/metal.rb:189:in `dispatch'
actionpack (5.1.4) lib/action_controller/metal.rb:253:in `dispatch'
actionpack (5.1.4) lib/action_dispatch/routing/route_set.rb:49:in `dispatch'
actionpack (5.1.4) lib/action_dispatch/routing/route_set.rb:31:in `serve'
actionpack (5.1.4) lib/action_dispatch/journey/router.rb:50:in `block in serve'
actionpack (5.1.4) lib/action_dispatch/journey/router.rb:33:in `each'
actionpack (5.1.4) lib/action_dispatch/journey/router.rb:33:in `serve'
actionpack (5.1.4) lib/action_dispatch/routing/route_set.rb:834:in `call'
rack (2.0.4) lib/rack/etag.rb:25:in `call'
rack (2.0.4) lib/rack/conditional_get.rb:38:in `call'
rack (2.0.4) lib/rack/head.rb:12:in `call'
activerecord (5.1.4) lib/active_record/migration.rb:556:in `call'
actionpack (5.1.4) lib/action_dispatch/middleware/callbacks.rb:26:in `block in call'
activesupport (5.1.4) lib/active_support/callbacks.rb:97:in `run_callbacks'
actionpack (5.1.4) lib/action_dispatch/middleware/callbacks.rb:24:in `call'
actionpack (5.1.4) lib/action_dispatch/middleware/executor.rb:12:in `call'
actionpack (5.1.4) lib/action_dispatch/middleware/debug_exceptions.rb:59:in `call'
actionpack (5.1.4) lib/action_dispatch/middleware/show_exceptions.rb:31:in `call'
railties (5.1.4) lib/rails/rack/logger.rb:36:in `call_app'
railties (5.1.4) lib/rails/rack/logger.rb:24:in `block in call'
activesupport (5.1.4) lib/active_support/tagged_logging.rb:69:in `block in tagged'
activesupport (5.1.4) lib/active_support/tagged_logging.rb:26:in `tagged'
activesupport (5.1.4) lib/active_support/tagged_logging.rb:69:in `tagged'
railties (5.1.4) lib/rails/rack/logger.rb:24:in `call'
actionpack (5.1.4) lib/action_dispatch/middleware/remote_ip.rb:79:in `call'
actionpack (5.1.4) lib/action_dispatch/middleware/request_id.rb:25:in `call'
rack (2.0.4) lib/rack/runtime.rb:22:in `call'
activesupport (5.1.4) lib/active_support/cache/strategy/local_cache_middleware.rb:27:in `call'
actionpack (5.1.4) lib/action_dispatch/middleware/executor.rb:12:in `call'
actionpack (5.1.4) lib/action_dispatch/middleware/static.rb:125:in `call'
rack (2.0.4) lib/rack/sendfile.rb:111:in `call'
rack-cors (1.0.2) lib/rack/cors.rb:97:in `call'
railties (5.1.4) lib/rails/engine.rb:522:in `call'
puma (3.11.2) lib/puma/configuration.rb:225:in `call'
puma (3.11.2) lib/puma/server.rb:624:in `handle_request'
puma (3.11.2) lib/puma/server.rb:438:in `process_client'
puma (3.11.2) lib/puma/server.rb:302:in `block in run'
puma (3.11.2) lib/puma/thread_pool.rb:120:in `block in spawn_thread'
Started POST "/users" for ::1 at 2018-06-29 13:25:00 -0400
  
AbstractController::ActionNotFound (The action 'create' could not be found for UsersController):
  
actionpack (5.1.4) lib/abstract_controller/base.rb:119:in `process'
actionpack (5.1.4) lib/action_controller/metal.rb:189:in `dispatch'
actionpack (5.1.4) lib/action_controller/metal.rb:253:in `dispatch'
actionpack (5.1.4) lib/action_dispatch/routing/route_set.rb:49:in `dispatch'
actionpack (5.1.4) lib/action_dispatch/routing/route_set.rb:31:in `serve'
actionpack (5.1.4) lib/action_dispatch/journey/router.rb:50:in `block in serve'
actionpack (5.1.4) lib/action_dispatch/journey/router.rb:33:in `each'
actionpack (5.1.4) lib/action_dispatch/journey/router.rb:33:in `serve'
actionpack (5.1.4) lib/action_dispatch/routing/route_set.rb:834:in `call'
rack (2.0.4) lib/rack/etag.rb:25:in `call'
rack (2.0.4) lib/rack/conditional_get.rb:38:in `call'
rack (2.0.4) lib/rack/head.rb:12:in `call'
activerecord (5.1.4) lib/active_record/migration.rb:556:in `call'
actionpack (5.1.4) lib/action_dispatch/middleware/callbacks.rb:26:in `block in call'
activesupport (5.1.4) lib/active_support/callbacks.rb:97:in `run_callbacks'
actionpack (5.1.4) lib/action_dispatch/middleware/callbacks.rb:24:in `call'
actionpack (5.1.4) lib/action_dispatch/middleware/executor.rb:12:in `call'
actionpack (5.1.4) lib/action_dispatch/middleware/debug_exceptions.rb:59:in `call'
actionpack (5.1.4) lib/action_dispatch/middleware/show_exceptions.rb:31:in `call'
railties (5.1.4) lib/rails/rack/logger.rb:36:in `call_app'
railties (5.1.4) lib/rails/rack/logger.rb:24:in `block in call'
activesupport (5.1.4) lib/active_support/tagged_logging.rb:69:in `block in tagged'
activesupport (5.1.4) lib/active_support/tagged_logging.rb:26:in `tagged'
activesupport (5.1.4) lib/active_support/tagged_logging.rb:69:in `tagged'
railties (5.1.4) lib/rails/rack/logger.rb:24:in `call'
actionpack (5.1.4) lib/action_dispatch/middleware/remote_ip.rb:79:in `call'
actionpack (5.1.4) lib/action_dispatch/middleware/request_id.rb:25:in `call'
rack (2.0.4) lib/rack/runtime.rb:22:in `call'
activesupport (5.1.4) lib/active_support/cache/strategy/local_cache_middleware.rb:27:in `call'
actionpack (5.1.4) lib/action_dispatch/middleware/executor.rb:12:in `call'
actionpack (5.1.4) lib/action_dispatch/middleware/static.rb:125:in `call'
rack (2.0.4) lib/rack/sendfile.rb:111:in `call'
rack-cors (1.0.2) lib/rack/cors.rb:97:in `call'
railties (5.1.4) lib/rails/engine.rb:522:in `call'
puma (3.11.2) lib/puma/configuration.rb:225:in `call'
puma (3.11.2) lib/puma/server.rb:624:in `handle_request'
puma (3.11.2) lib/puma/server.rb:438:in `process_client'
puma (3.11.2) lib/puma/server.rb:302:in `block in run'
puma (3.11.2) lib/puma/thread_pool.rb:120:in `block in spawn_thread'
Started POST "/users" for ::1 at 2018-06-29 13:25:27 -0400
  
AbstractController::ActionNotFound (The action 'create' could not be found for UsersController):
  
actionpack (5.1.4) lib/abstract_controller/base.rb:119:in `process'
actionpack (5.1.4) lib/action_controller/metal.rb:189:in `dispatch'
actionpack (5.1.4) lib/action_controller/metal.rb:253:in `dispatch'
actionpack (5.1.4) lib/action_dispatch/routing/route_set.rb:49:in `dispatch'
actionpack (5.1.4) lib/action_dispatch/routing/route_set.rb:31:in `serve'
actionpack (5.1.4) lib/action_dispatch/journey/router.rb:50:in `block in serve'
actionpack (5.1.4) lib/action_dispatch/journey/router.rb:33:in `each'
actionpack (5.1.4) lib/action_dispatch/journey/router.rb:33:in `serve'
actionpack (5.1.4) lib/action_dispatch/routing/route_set.rb:834:in `call'
rack (2.0.4) lib/rack/etag.rb:25:in `call'
rack (2.0.4) lib/rack/conditional_get.rb:38:in `call'
rack (2.0.4) lib/rack/head.rb:12:in `call'
activerecord (5.1.4) lib/active_record/migration.rb:556:in `call'
actionpack (5.1.4) lib/action_dispatch/middleware/callbacks.rb:26:in `block in call'
activesupport (5.1.4) lib/active_support/callbacks.rb:97:in `run_callbacks'
actionpack (5.1.4) lib/action_dispatch/middleware/callbacks.rb:24:in `call'
actionpack (5.1.4) lib/action_dispatch/middleware/executor.rb:12:in `call'
actionpack (5.1.4) lib/action_dispatch/middleware/debug_exceptions.rb:59:in `call'
actionpack (5.1.4) lib/action_dispatch/middleware/show_exceptions.rb:31:in `call'
railties (5.1.4) lib/rails/rack/logger.rb:36:in `call_app'
railties (5.1.4) lib/rails/rack/logger.rb:24:in `block in call'
activesupport (5.1.4) lib/active_support/tagged_logging.rb:69:in `block in tagged'
activesupport (5.1.4) lib/active_support/tagged_logging.rb:26:in `tagged'
activesupport (5.1.4) lib/active_support/tagged_logging.rb:69:in `tagged'
railties (5.1.4) lib/rails/rack/logger.rb:24:in `call'
actionpack (5.1.4) lib/action_dispatch/middleware/remote_ip.rb:79:in `call'
actionpack (5.1.4) lib/action_dispatch/middleware/request_id.rb:25:in `call'
rack (2.0.4) lib/rack/runtime.rb:22:in `call'
activesupport (5.1.4) lib/active_support/cache/strategy/local_cache_middleware.rb:27:in `call'
actionpack (5.1.4) lib/action_dispatch/middleware/executor.rb:12:in `call'
actionpack (5.1.4) lib/action_dispatch/middleware/static.rb:125:in `call'
rack (2.0.4) lib/rack/sendfile.rb:111:in `call'
rack-cors (1.0.2) lib/rack/cors.rb:97:in `call'
railties (5.1.4) lib/rails/engine.rb:522:in `call'
puma (3.11.2) lib/puma/configuration.rb:225:in `call'
puma (3.11.2) lib/puma/server.rb:624:in `handle_request'
puma (3.11.2) lib/puma/server.rb:438:in `process_client'
puma (3.11.2) lib/puma/server.rb:302:in `block in run'
puma (3.11.2) lib/puma/thread_pool.rb:120:in `block in spawn_thread'
Started POST "/users" for ::1 at 2018-06-29 13:41:06 -0400
  
AbstractController::ActionNotFound (The action 'create' could not be found for UsersController):
  
actionpack (5.1.4) lib/abstract_controller/base.rb:119:in `process'
actionpack (5.1.4) lib/action_controller/metal.rb:189:in `dispatch'
actionpack (5.1.4) lib/action_controller/metal.rb:253:in `dispatch'
actionpack (5.1.4) lib/action_dispatch/routing/route_set.rb:49:in `dispatch'
actionpack (5.1.4) lib/action_dispatch/routing/route_set.rb:31:in `serve'
actionpack (5.1.4) lib/action_dispatch/journey/router.rb:50:in `block in serve'
actionpack (5.1.4) lib/action_dispatch/journey/router.rb:33:in `each'
actionpack (5.1.4) lib/action_dispatch/journey/router.rb:33:in `serve'
actionpack (5.1.4) lib/action_dispatch/routing/route_set.rb:834:in `call'
rack (2.0.4) lib/rack/etag.rb:25:in `call'
rack (2.0.4) lib/rack/conditional_get.rb:38:in `call'
rack (2.0.4) lib/rack/head.rb:12:in `call'
activerecord (5.1.4) lib/active_record/migration.rb:556:in `call'
actionpack (5.1.4) lib/action_dispatch/middleware/callbacks.rb:26:in `block in call'
activesupport (5.1.4) lib/active_support/callbacks.rb:97:in `run_callbacks'
actionpack (5.1.4) lib/action_dispatch/middleware/callbacks.rb:24:in `call'
actionpack (5.1.4) lib/action_dispatch/middleware/executor.rb:12:in `call'
actionpack (5.1.4) lib/action_dispatch/middleware/debug_exceptions.rb:59:in `call'
actionpack (5.1.4) lib/action_dispatch/middleware/show_exceptions.rb:31:in `call'
railties (5.1.4) lib/rails/rack/logger.rb:36:in `call_app'
railties (5.1.4) lib/rails/rack/logger.rb:24:in `block in call'
activesupport (5.1.4) lib/active_support/tagged_logging.rb:69:in `block in tagged'
activesupport (5.1.4) lib/active_support/tagged_logging.rb:26:in `tagged'
activesupport (5.1.4) lib/active_support/tagged_logging.rb:69:in `tagged'
railties (5.1.4) lib/rails/rack/logger.rb:24:in `call'
actionpack (5.1.4) lib/action_dispatch/middleware/remote_ip.rb:79:in `call'
actionpack (5.1.4) lib/action_dispatch/middleware/request_id.rb:25:in `call'
rack (2.0.4) lib/rack/runtime.rb:22:in `call'
activesupport (5.1.4) lib/active_support/cache/strategy/local_cache_middleware.rb:27:in `call'
actionpack (5.1.4) lib/action_dispatch/middleware/executor.rb:12:in `call'
actionpack (5.1.4) lib/action_dispatch/middleware/static.rb:125:in `call'
rack (2.0.4) lib/rack/sendfile.rb:111:in `call'
rack-cors (1.0.2) lib/rack/cors.rb:97:in `call'
railties (5.1.4) lib/rails/engine.rb:522:in `call'
puma (3.11.2) lib/puma/configuration.rb:225:in `call'
puma (3.11.2) lib/puma/server.rb:624:in `handle_request'
puma (3.11.2) lib/puma/server.rb:438:in `process_client'
puma (3.11.2) lib/puma/server.rb:302:in `block in run'
puma (3.11.2) lib/puma/thread_pool.rb:120:in `block in spawn_thread'
Started POST "/sign-up" for ::1 at 2018-06-29 13:42:02 -0400
Processing by UsersController#signup as */*
  Parameters: {"credentials"=>{"email"=>"wee@dee", "password"=>"[FILTERED]", "password_confirmation"=>"[FILTERED]"}}
  [1m[35m (0.2ms)[0m  [1m[35mBEGIN[0m
  [1m[36mUser Exists (15.1ms)[0m  [1m[34mSELECT  1 AS one FROM "users" WHERE "users"."email" = $1 LIMIT $2[0m  [["email", "wee@dee"], ["LIMIT", 1]]
  [1m[35mSQL (8.9ms)[0m  [1m[32mINSERT INTO "users" ("email", "token", "password_digest", "created_at", "updated_at") VALUES ($1, $2, $3, $4, $5) RETURNING "id"[0m  [["email", "wee@dee"], ["token", "892b240b3399fb25f1d83c0a1286d50a"], ["password_digest", "$2a$10$U2m6mekZT0GXupdfsJeVBujzCdPXCUBuYDN/LBrn1Oif7Y3lO.xCa"], ["created_at", "2018-06-29 17:42:02.546218"], ["updated_at", "2018-06-29 17:42:02.546218"]]
  [1m[35m (1.7ms)[0m  [1m[35mCOMMIT[0m
  [1m[36mUser Exists (0.6ms)[0m  [1m[34mSELECT  1 AS one FROM "users" WHERE "users"."email" = $1 AND ("users"."id" != $2) LIMIT $3[0m  [["email", "wee@dee"], ["id", 1], ["LIMIT", 1]]
[active_model_serializers] Rendered UserSerializer with ActiveModelSerializers::Adapter::Json (6.57ms)
Completed 500 Internal Server Error in 148ms (ActiveRecord: 32.9ms)


  
NoMethodError (undefined method `raiders' for #<User:0x00007f98727252d8>
Did you mean?  raise):
  
app/controllers/users_controller.rb:11:in `signup'
Started POST "/sign-up" for ::1 at 2018-06-29 13:43:02 -0400
Processing by UsersController#signup as */*
  Parameters: {"credentials"=>{"email"=>"wee@dee", "password"=>"[FILTERED]", "password_confirmation"=>"[FILTERED]"}}
  [1m[35m (0.2ms)[0m  [1m[35mBEGIN[0m
  [1m[36mUser Exists (0.5ms)[0m  [1m[34mSELECT  1 AS one FROM "users" WHERE "users"."email" = $1 LIMIT $2[0m  [["email", "wee@dee"], ["LIMIT", 1]]
  [1m[35m (0.2ms)[0m  [1m[31mROLLBACK[0m
  [1m[36mUser Exists (0.3ms)[0m  [1m[34mSELECT  1 AS one FROM "users" WHERE "users"."email" = $1 LIMIT $2[0m  [["email", "wee@dee"], ["LIMIT", 1]]
[active_model_serializers] Rendered ActiveModel::Serializer::Null with ActiveModel::Errors (0.12ms)
Completed 400 Bad Request in 89ms (Views: 4.7ms | ActiveRecord: 1.1ms)


Started POST "/sign-up" for ::1 at 2018-06-29 13:43:18 -0400
Processing by UsersController#signup as */*
  Parameters: {"credentials"=>{"email"=>"twee@dee", "password"=>"[FILTERED]", "password_confirmation"=>"[FILTERED]"}}
  [1m[35m (0.2ms)[0m  [1m[35mBEGIN[0m
  [1m[36mUser Exists (1.6ms)[0m  [1m[34mSELECT  1 AS one FROM "users" WHERE "users"."email" = $1 LIMIT $2[0m  [["email", "twee@dee"], ["LIMIT", 1]]
  [1m[35mSQL (0.4ms)[0m  [1m[32mINSERT INTO "users" ("email", "token", "password_digest", "created_at", "updated_at") VALUES ($1, $2, $3, $4, $5) RETURNING "id"[0m  [["email", "twee@dee"], ["token", "851690aa6ac1acab7bf54d260f54aed9"], ["password_digest", "$2a$10$WP7Z9cD.tJyrBCWBNyRin.BTOuGc.LLqYU3.bqIxLUQdNhYooyVzq"], ["created_at", "2018-06-29 17:43:18.650363"], ["updated_at", "2018-06-29 17:43:18.650363"]]
  [1m[35m (5.7ms)[0m  [1m[35mCOMMIT[0m
  [1m[36mUser Exists (0.6ms)[0m  [1m[34mSELECT  1 AS one FROM "users" WHERE "users"."email" = $1 AND ("users"."id" != $2) LIMIT $3[0m  [["email", "twee@dee"], ["id", 2], ["LIMIT", 1]]
[active_model_serializers] Rendered UserSerializer with ActiveModelSerializers::Adapter::Json (6.44ms)
Completed 500 Internal Server Error in 79ms (ActiveRecord: 8.5ms)


  
NoMethodError (undefined method `raiders' for #<User:0x00007f9871bd7ae8>
Did you mean?  raise):
  
app/controllers/users_controller.rb:11:in `signup'
Started POST "/sign-up" for ::1 at 2018-06-29 13:43:40 -0400
Processing by UsersController#signup as */*
  Parameters: {"credentials"=>{"email"=>"twee@dee", "password"=>"[FILTERED]", "password_confirmation"=>"[FILTERED]"}}
  [1m[35m (0.2ms)[0m  [1m[35mBEGIN[0m
  [1m[36mUser Exists (0.5ms)[0m  [1m[34mSELECT  1 AS one FROM "users" WHERE "users"."email" = $1 LIMIT $2[0m  [["email", "twee@dee"], ["LIMIT", 1]]
  [1m[35m (0.2ms)[0m  [1m[31mROLLBACK[0m
  [1m[36mUser Exists (0.3ms)[0m  [1m[34mSELECT  1 AS one FROM "users" WHERE "users"."email" = $1 LIMIT $2[0m  [["email", "twee@dee"], ["LIMIT", 1]]
[active_model_serializers] Rendered ActiveModel::Serializer::Null with ActiveModel::Errors (0.07ms)
Completed 400 Bad Request in 75ms (Views: 2.1ms | ActiveRecord: 4.5ms)


Started POST "/sign-up" for ::1 at 2018-06-29 13:45:06 -0400
Processing by UsersController#signup as */*
  Parameters: {"credentials"=>{"email"=>"wwwwwee@dee", "password"=>"[FILTERED]", "password_confirmation"=>"[FILTERED]"}}
  [1m[35m (0.1ms)[0m  [1m[35mBEGIN[0m
  [1m[36mUser Exists (0.2ms)[0m  [1m[34mSELECT  1 AS one FROM "users" WHERE "users"."email" = $1 LIMIT $2[0m  [["email", "wwwwwee@dee"], ["LIMIT", 1]]
  [1m[35mSQL (0.3ms)[0m  [1m[32mINSERT INTO "users" ("email", "token", "password_digest", "created_at", "updated_at") VALUES ($1, $2, $3, $4, $5) RETURNING "id"[0m  [["email", "wwwwwee@dee"], ["token", "12e748f0f3880135adcf59310cfd611f"], ["password_digest", "$2a$10$LRPdS0QWuR80EI0/Dkz3fuw96/JZmUpdevBYTlzlvh5spbAJN4kym"], ["created_at", "2018-06-29 17:45:06.567192"], ["updated_at", "2018-06-29 17:45:06.567192"]]
  [1m[35m (2.0ms)[0m  [1m[35mCOMMIT[0m
  [1m[36mUser Exists (0.3ms)[0m  [1m[34mSELECT  1 AS one FROM "users" WHERE "users"."email" = $1 AND ("users"."id" != $2) LIMIT $3[0m  [["email", "wwwwwee@dee"], ["id", 3], ["LIMIT", 1]]
[active_model_serializers] Rendered UserSerializer with ActiveModelSerializers::Adapter::Json (0.34ms)
Completed 201 Created in 72ms (Views: 1.5ms | ActiveRecord: 3.0ms)


Started POST "/sign-up" for ::1 at 2018-06-29 13:45:28 -0400
Processing by UsersController#signup as */*
  Parameters: {"credentials"=>{"email"=>"wwww1ee@dee", "password"=>"[FILTERED]", "password_confirmation"=>"[FILTERED]"}}
  [1m[35m (0.2ms)[0m  [1m[35mBEGIN[0m
  [1m[36mUser Exists (0.3ms)[0m  [1m[34mSELECT  1 AS one FROM "users" WHERE "users"."email" = $1 LIMIT $2[0m  [["email", "wwww1ee@dee"], ["LIMIT", 1]]
  [1m[35mSQL (0.3ms)[0m  [1m[32mINSERT INTO "users" ("email", "token", "password_digest", "created_at", "updated_at") VALUES ($1, $2, $3, $4, $5) RETURNING "id"[0m  [["email", "wwww1ee@dee"], ["token", "8d7714022a3ba5c8189e5c12ca11bd99"], ["password_digest", "$2a$10$NOaegQRMpEnSqnYOZkFzvOAvpVDiT4AWEjk73Ys0TR.SzkVh5P.5m"], ["created_at", "2018-06-29 17:45:28.175584"], ["updated_at", "2018-06-29 17:45:28.175584"]]
  [1m[35m (5.6ms)[0m  [1m[35mCOMMIT[0m
  [1m[36mUser Exists (0.5ms)[0m  [1m[34mSELECT  1 AS one FROM "users" WHERE "users"."email" = $1 AND ("users"."id" != $2) LIMIT $3[0m  [["email", "wwww1ee@dee"], ["id", 4], ["LIMIT", 1]]
[active_model_serializers] Rendered UserSerializer with ActiveModelSerializers::Adapter::Json (5.51ms)
Completed 500 Internal Server Error in 82ms (ActiveRecord: 6.9ms)


  
NoMethodError (undefined method `raiders' for #<User:0x00007f9871b8f8d8>
Did you mean?  raise):
  
app/controllers/users_controller.rb:11:in `signup'
Started POST "/sign-up" for ::1 at 2018-06-29 14:12:38 -0400
Processing by UsersController#signup as */*
  Parameters: {"credentials"=>{"email"=>"wwww1ee@dee", "password"=>"[FILTERED]", "password_confirmation"=>"[FILTERED]"}}
  [1m[35m (0.2ms)[0m  [1m[35mBEGIN[0m
  [1m[36mUser Exists (0.4ms)[0m  [1m[34mSELECT  1 AS one FROM "users" WHERE "users"."email" = $1 LIMIT $2[0m  [["email", "wwww1ee@dee"], ["LIMIT", 1]]
  [1m[35m (0.2ms)[0m  [1m[31mROLLBACK[0m
  [1m[36mUser Exists (0.3ms)[0m  [1m[34mSELECT  1 AS one FROM "users" WHERE "users"."email" = $1 LIMIT $2[0m  [["email", "wwww1ee@dee"], ["LIMIT", 1]]
[active_model_serializers] Rendered ActiveModel::Serializer::Null with ActiveModel::Errors (0.11ms)
Completed 400 Bad Request in 72ms (Views: 2.5ms | ActiveRecord: 1.1ms)


Started POST "/sign-up" for ::1 at 2018-06-29 14:12:47 -0400
Processing by UsersController#signup as */*
  Parameters: {"credentials"=>{"email"=>"a@dee", "password"=>"[FILTERED]", "password_confirmation"=>"[FILTERED]"}}
  [1m[35m (0.1ms)[0m  [1m[35mBEGIN[0m
  [1m[36mUser Exists (0.4ms)[0m  [1m[34mSELECT  1 AS one FROM "users" WHERE "users"."email" = $1 LIMIT $2[0m  [["email", "a@dee"], ["LIMIT", 1]]
  [1m[35mSQL (0.2ms)[0m  [1m[32mINSERT INTO "users" ("email", "token", "password_digest", "created_at", "updated_at") VALUES ($1, $2, $3, $4, $5) RETURNING "id"[0m  [["email", "a@dee"], ["token", "661879b2b9fd285f3a631ffbfc8ef845"], ["password_digest", "$2a$10$cSXQPjzuN6WXh90EmbXPoOt22bKv/a/rDpMZNGWr.k5WZUKgtb4iu"], ["created_at", "2018-06-29 18:12:47.536992"], ["updated_at", "2018-06-29 18:12:47.536992"]]
  [1m[35m (5.8ms)[0m  [1m[35mCOMMIT[0m
  [1m[36mUser Exists (0.4ms)[0m  [1m[34mSELECT  1 AS one FROM "users" WHERE "users"."email" = $1 AND ("users"."id" != $2) LIMIT $3[0m  [["email", "a@dee"], ["id", 5], ["LIMIT", 1]]
[active_model_serializers] Rendered UserSerializer with ActiveModelSerializers::Adapter::Json (0.16ms)
Completed 201 Created in 70ms (Views: 1.2ms | ActiveRecord: 7.0ms)


Started PATCH "/change-password" for ::1 at 2018-06-29 14:14:05 -0400
Processing by UsersController#changepw as */*
  Parameters: {"passwords"=>"[FILTERED]"}
Filter chain halted as :authenticate rendered or redirected
Completed 401 Unauthorized in 1ms (Views: 0.2ms | ActiveRecord: 0.0ms)


Started PATCH "/change-password" for ::1 at 2018-06-29 14:14:51 -0400
Processing by UsersController#changepw as */*
  Parameters: {"passwords"=>"[FILTERED]"}
  [1m[36mUser Load (0.4ms)[0m  [1m[34mSELECT  "users".* FROM "users" WHERE "users"."token" = $1 LIMIT $2[0m  [["token", "f"], ["LIMIT", 1]]
Filter chain halted as :authenticate rendered or redirected
Completed 401 Unauthorized in 17ms (Views: 0.1ms | ActiveRecord: 0.8ms)


Started PATCH "/change-password" for ::1 at 2018-06-29 14:15:38 -0400
Processing by UsersController#changepw as */*
  Parameters: {"passwords"=>"[FILTERED]"}
  [1m[36mUser Load (0.4ms)[0m  [1m[34mSELECT  "users".* FROM "users" WHERE "users"."token" = $1 LIMIT $2[0m  [["token", "f"], ["LIMIT", 1]]
Filter chain halted as :authenticate rendered or redirected
Completed 401 Unauthorized in 2ms (Views: 0.1ms | ActiveRecord: 0.4ms)


Started PATCH "/change-password" for ::1 at 2018-06-29 14:59:58 -0400
Processing by UsersController#changepw as */*
  Parameters: {"passwords"=>"[FILTERED]"}
  [1m[36mUser Load (0.3ms)[0m  [1m[34mSELECT  "users".* FROM "users" WHERE "users"."token" = $1 LIMIT $2[0m  [["token", "f"], ["LIMIT", 1]]
Filter chain halted as :authenticate rendered or redirected
Completed 401 Unauthorized in 2ms (Views: 0.1ms | ActiveRecord: 0.3ms)


Started POST "/sign-up" for ::1 at 2018-06-29 15:00:29 -0400
Processing by UsersController#signup as */*
  Parameters: {"credentials"=>{"email"=>"b@dee", "password"=>"[FILTERED]", "password_confirmation"=>"[FILTERED]"}}
  [1m[35m (0.1ms)[0m  [1m[35mBEGIN[0m
  [1m[36mUser Exists (0.4ms)[0m  [1m[34mSELECT  1 AS one FROM "users" WHERE "users"."email" = $1 LIMIT $2[0m  [["email", "b@dee"], ["LIMIT", 1]]
  [1m[35mSQL (0.3ms)[0m  [1m[32mINSERT INTO "users" ("email", "token", "password_digest", "created_at", "updated_at") VALUES ($1, $2, $3, $4, $5) RETURNING "id"[0m  [["email", "b@dee"], ["token", "009dee55783546681127c82eccd7a2d7"], ["password_digest", "$2a$10$peXUotpt.9ZtNoTOvLvPJuL4QMUps4lmr57J4wCRSkHzNWxk0oj9O"], ["created_at", "2018-06-29 19:00:29.540154"], ["updated_at", "2018-06-29 19:00:29.540154"]]
  [1m[35m (7.3ms)[0m  [1m[35mCOMMIT[0m
  [1m[36mUser Exists (0.5ms)[0m  [1m[34mSELECT  1 AS one FROM "users" WHERE "users"."email" = $1 AND ("users"."id" != $2) LIMIT $3[0m  [["email", "b@dee"], ["id", 6], ["LIMIT", 1]]
[active_model_serializers] Rendered UserSerializer with ActiveModelSerializers::Adapter::Json (0.25ms)
Completed 201 Created in 71ms (Views: 0.8ms | ActiveRecord: 8.6ms)


Started PATCH "/change-password" for ::1 at 2018-06-29 15:01:18 -0400
Processing by UsersController#changepw as */*
  Parameters: {"passwords"=>"[FILTERED]"}
  [1m[36mUser Load (0.3ms)[0m  [1m[34mSELECT  "users".* FROM "users" WHERE "users"."token" = $1 LIMIT $2[0m  [["token", "f"], ["LIMIT", 1]]
Filter chain halted as :authenticate rendered or redirected
Completed 401 Unauthorized in 1ms (Views: 0.1ms | ActiveRecord: 0.3ms)


Started PATCH "/change-password" for ::1 at 2018-06-29 15:01:28 -0400
Processing by UsersController#changepw as */*
  Parameters: {"passwords"=>"[FILTERED]"}
  [1m[36mUser Load (0.4ms)[0m  [1m[34mSELECT  "users".* FROM "users" WHERE "users"."token" = $1 LIMIT $2[0m  [["token", "f"], ["LIMIT", 1]]
Filter chain halted as :authenticate rendered or redirected
Completed 401 Unauthorized in 2ms (Views: 0.1ms | ActiveRecord: 0.4ms)


Started PATCH "/change-password" for ::1 at 2018-06-29 15:01:59 -0400
Processing by UsersController#changepw as */*
  Parameters: {"passwords"=>"[FILTERED]"}
  [1m[36mUser Load (0.3ms)[0m  [1m[34mSELECT  "users".* FROM "users" WHERE "users"."token" = $1 LIMIT $2[0m  [["token", "f"], ["LIMIT", 1]]
Filter chain halted as :authenticate rendered or redirected
Completed 401 Unauthorized in 2ms (Views: 0.1ms | ActiveRecord: 0.3ms)


Started PATCH "/change-password" for ::1 at 2018-06-29 15:02:15 -0400
Processing by UsersController#changepw as */*
  Parameters: {"passwords"=>"[FILTERED]"}
  [1m[36mUser Load (0.4ms)[0m  [1m[34mSELECT  "users".* FROM "users" WHERE "users"."token" = $1 LIMIT $2[0m  [["token", "f"], ["LIMIT", 1]]
Filter chain halted as :authenticate rendered or redirected
Completed 401 Unauthorized in 2ms (Views: 0.1ms | ActiveRecord: 0.4ms)


Started POST "/sign-in" for ::1 at 2018-06-29 15:27:11 -0400
Processing by UsersController#signin as */*
  Parameters: {"credentials"=>{"email"=>"b@dee", "password"=>"[FILTERED]"}}
  [1m[36mUser Load (0.2ms)[0m  [1m[34mSELECT  "users".* FROM "users" WHERE "users"."email" = $1 LIMIT $2[0m  [["email", "b@dee"], ["LIMIT", 1]]
  [1m[35mSQL (27.1ms)[0m  [1m[33mUPDATE "users" SET "token" = 'd9080d966d9a75b18cf50249ebba292a', "updated_at" = '2018-06-29 19:27:11.658875' WHERE "users"."id" = $1[0m  [["id", 6]]
[active_model_serializers] Rendered UserLoginSerializer with ActiveModelSerializers::Adapter::Json (1.98ms)
Completed 200 OK in 99ms (Views: 2.5ms | ActiveRecord: 27.3ms)


Started PATCH "/change-password" for ::1 at 2018-06-29 15:28:24 -0400
Processing by UsersController#changepw as */*
  Parameters: {"passwords"=>"[FILTERED]"}
  [1m[36mUser Load (0.5ms)[0m  [1m[34mSELECT  "users".* FROM "users" WHERE "users"."token" = $1 LIMIT $2[0m  [["token", "d9080d966d9a75b18cf50249ebba292a"], ["LIMIT", 1]]
  [1m[35m (0.2ms)[0m  [1m[35mBEGIN[0m
  [1m[36mUser Exists (0.3ms)[0m  [1m[34mSELECT  1 AS one FROM "users" WHERE "users"."email" = $1 AND ("users"."id" != $2) LIMIT $3[0m  [["email", "b@dee"], ["id", 6], ["LIMIT", 1]]
  [1m[35mSQL (0.5ms)[0m  [1m[33mUPDATE "users" SET "updated_at" = $1, "password_digest" = $2 WHERE "users"."id" = $3[0m  [["updated_at", "2018-06-29 19:28:25.072052"], ["password_digest", "$2a$10$J2uL..5Uzivw3PXXMwQ27.CzE/8T2iQmj2w13RFL1/qtsIXrmPGWK"], ["id", 6]]
  [1m[35m (5.9ms)[0m  [1m[35mCOMMIT[0m
Completed 204 No Content in 126ms (ActiveRecord: 7.3ms)


Started DELETE "/sign-out" for ::1 at 2018-06-29 15:33:57 -0400
Processing by UsersController#signout as */*
  [1m[36mUser Load (0.4ms)[0m  [1m[34mSELECT  "users".* FROM "users" WHERE "users"."token" = $1 LIMIT $2[0m  [["token", "d9080d966d9a75b18cf50249ebba292a"], ["LIMIT", 1]]
  [1m[35mSQL (0.6ms)[0m  [1m[33mUPDATE "users" SET "token" = '3b2286cbc8a2c2f980d7fa1d43d5518f', "updated_at" = '2018-06-29 19:33:57.384794' WHERE "users"."id" = $1[0m  [["id", 6]]
Completed 204 No Content in 3ms (ActiveRecord: 1.0ms)


Started DELETE "/sign-out" for ::1 at 2018-06-29 15:34:12 -0400
Processing by UsersController#signout as */*
  [1m[36mUser Load (0.2ms)[0m  [1m[34mSELECT  "users".* FROM "users" WHERE "users"."token" = $1 LIMIT $2[0m  [["token", "d9080d966d9a75b18cf50249ebba292a"], ["LIMIT", 1]]
Filter chain halted as :authenticate rendered or redirected
Completed 401 Unauthorized in 2ms (Views: 0.1ms | ActiveRecord: 0.4ms)


Started GET "/users" for ::1 at 2018-06-29 15:49:42 -0400
Processing by UsersController#index as HTML
Filter chain halted as :authenticate rendered or redirected
Completed 401 Unauthorized in 0ms (Views: 0.1ms | ActiveRecord: 0.0ms)


Started GET "/raiders" for ::1 at 2018-06-29 15:49:47 -0400
Processing by RaidersController#index as HTML
  [1m[36mRaider Load (0.3ms)[0m  [1m[34mSELECT "raiders".* FROM "raiders"[0m
[active_model_serializers] Rendered ActiveModel::Serializer::CollectionSerializer with ActiveModelSerializers::Adapter::Json (0.33ms)
Completed 200 OK in 5ms (Views: 1.9ms | ActiveRecord: 1.5ms)


Started POST "/sign-in" for ::1 at 2018-06-29 15:56:50 -0400
Processing by UsersController#signin as */*
  Parameters: {"credentials"=>{"email"=>"b@dee", "password"=>"[FILTERED]"}}
  [1m[36mUser Load (0.2ms)[0m  [1m[34mSELECT  "users".* FROM "users" WHERE "users"."email" = $1 LIMIT $2[0m  [["email", "b@dee"], ["LIMIT", 1]]
  [1m[35mSQL (1.3ms)[0m  [1m[33mUPDATE "users" SET "token" = '1f26aa665d7c68014b345e2fa8a81b63', "updated_at" = '2018-06-29 19:56:50.267902' WHERE "users"."id" = $1[0m  [["id", 6]]
[active_model_serializers] Rendered UserLoginSerializer with ActiveModelSerializers::Adapter::Json (0.26ms)
Completed 200 OK in 83ms (Views: 0.7ms | ActiveRecord: 6.8ms)


Started POST "/raiders" for ::1 at 2018-06-29 15:58:26 -0400
Processing by RaidersController#create as */*
  Parameters: {"raider"=>{"name"=>"Megatrogg", "power"=>"10"}}
  [1m[35m (0.2ms)[0m  [1m[35mBEGIN[0m
  [1m[35mSQL (13.1ms)[0m  [1m[32mINSERT INTO "raiders" ("name", "power", "created_at", "updated_at") VALUES ($1, $2, $3, $4) RETURNING "id"[0m  [["name", "Megatrogg"], ["power", 10], ["created_at", "2018-06-29 19:58:26.603535"], ["updated_at", "2018-06-29 19:58:26.603535"]]
  [1m[35m (5.0ms)[0m  [1m[35mCOMMIT[0m
[active_model_serializers] Rendered RaiderSerializer with ActiveModelSerializers::Adapter::Json (5.12ms)
Completed 500 Internal Server Error in 39ms (ActiveRecord: 21.0ms)


  
NoMethodError (undefined method `user' for #<Raider:0x00007f98735273e0>):
  
app/controllers/raiders_controller.rb:21:in `create'
Started POST "/raiders" for ::1 at 2018-06-29 15:59:02 -0400
Processing by RaidersController#create as */*
  Parameters: {"raider"=>{"name"=>"Megatrogg", "power"=>"10"}}
  [1m[35m (0.2ms)[0m  [1m[35mBEGIN[0m
  [1m[35mSQL (0.4ms)[0m  [1m[32mINSERT INTO "raiders" ("name", "power", "created_at", "updated_at") VALUES ($1, $2, $3, $4) RETURNING "id"[0m  [["name", "Megatrogg"], ["power", 10], ["created_at", "2018-06-29 19:59:02.874801"], ["updated_at", "2018-06-29 19:59:02.874801"]]
  [1m[35m (5.5ms)[0m  [1m[35mCOMMIT[0m
[active_model_serializers] Rendered RaiderSerializer with ActiveModelSerializers::Adapter::Json (3.88ms)
Completed 500 Internal Server Error in 13ms (ActiveRecord: 6.1ms)


  
NoMethodError (undefined method `user' for #<Raider:0x00007f9871c29f00>):
  
app/controllers/raiders_controller.rb:21:in `create'
Started POST "/raiders" for ::1 at 2018-06-29 16:01:44 -0400
Processing by RaidersController#create as */*
  Parameters: {"raider"=>{"name"=>"Megatrogg", "power"=>"10"}}
  [1m[35m (0.1ms)[0m  [1m[35mBEGIN[0m
  [1m[35mSQL (0.2ms)[0m  [1m[32mINSERT INTO "raiders" ("name", "power", "created_at", "updated_at") VALUES ($1, $2, $3, $4) RETURNING "id"[0m  [["name", "Megatrogg"], ["power", 10], ["created_at", "2018-06-29 20:01:44.081515"], ["updated_at", "2018-06-29 20:01:44.081515"]]
  [1m[35m (0.4ms)[0m  [1m[35mCOMMIT[0m
[active_model_serializers] Rendered RaiderSerializer with ActiveModelSerializers::Adapter::Json (0.41ms)
Completed 201 Created in 12ms (Views: 1.6ms | ActiveRecord: 3.5ms)


Started GET "/raiders" for ::1 at 2018-06-29 16:01:51 -0400
Processing by RaidersController#index as HTML
  [1m[36mRaider Load (0.3ms)[0m  [1m[34mSELECT "raiders".* FROM "raiders"[0m
[active_model_serializers] Rendered ActiveModel::Serializer::CollectionSerializer with ActiveModelSerializers::Adapter::Json (0.49ms)
Completed 200 OK in 2ms (Views: 1.7ms | ActiveRecord: 0.3ms)


Started DELETE "/raiders/2" for ::1 at 2018-06-29 16:02:30 -0400
Processing by RaidersController#destroy as */*
  Parameters: {"id"=>"2"}
  [1m[36mRaider Load (0.2ms)[0m  [1m[34mSELECT  "raiders".* FROM "raiders" WHERE "raiders"."id" = $1 LIMIT $2[0m  [["id", 2], ["LIMIT", 1]]
  [1m[35m (0.1ms)[0m  [1m[35mBEGIN[0m
  [1m[35mSQL (0.2ms)[0m  [1m[31mDELETE FROM "raiders" WHERE "raiders"."id" = $1[0m  [["id", 2]]
  [1m[35m (0.4ms)[0m  [1m[35mCOMMIT[0m
Completed 204 No Content in 3ms (ActiveRecord: 1.0ms)


Started DELETE "/raiders/3" for ::1 at 2018-06-29 16:02:43 -0400
Processing by RaidersController#destroy as */*
  Parameters: {"id"=>"3"}
  [1m[36mRaider Load (0.3ms)[0m  [1m[34mSELECT  "raiders".* FROM "raiders" WHERE "raiders"."id" = $1 LIMIT $2[0m  [["id", 3], ["LIMIT", 1]]
  [1m[35m (0.1ms)[0m  [1m[35mBEGIN[0m
  [1m[35mSQL (0.2ms)[0m  [1m[31mDELETE FROM "raiders" WHERE "raiders"."id" = $1[0m  [["id", 3]]
  [1m[35m (5.7ms)[0m  [1m[35mCOMMIT[0m
Completed 204 No Content in 9ms (ActiveRecord: 6.3ms)


Started GET "/raiders" for ::1 at 2018-06-29 16:02:48 -0400
Processing by RaidersController#index as HTML
  [1m[36mRaider Load (0.3ms)[0m  [1m[34mSELECT "raiders".* FROM "raiders"[0m
[active_model_serializers] Rendered ActiveModel::Serializer::CollectionSerializer with ActiveModelSerializers::Adapter::Json (0.33ms)
Completed 200 OK in 2ms (Views: 1.4ms | ActiveRecord: 0.3ms)


Started POST "/raiders" for ::1 at 2018-06-29 16:03:17 -0400
Processing by RaidersController#create as */*
  Parameters: {"raider"=>{"name"=>"Dumblegore", "power"=>"6"}}
  [1m[35m (0.1ms)[0m  [1m[35mBEGIN[0m
  [1m[35mSQL (0.3ms)[0m  [1m[32mINSERT INTO "raiders" ("name", "power", "created_at", "updated_at") VALUES ($1, $2, $3, $4) RETURNING "id"[0m  [["name", "Dumblegore"], ["power", 6], ["created_at", "2018-06-29 20:03:17.814346"], ["updated_at", "2018-06-29 20:03:17.814346"]]
  [1m[35m (5.8ms)[0m  [1m[35mCOMMIT[0m
[active_model_serializers] Rendered RaiderSerializer with ActiveModelSerializers::Adapter::Json (0.31ms)
Completed 201 Created in 9ms (Views: 1.0ms | ActiveRecord: 6.2ms)


Started POST "/raiders" for ::1 at 2018-06-29 16:03:36 -0400
Processing by RaidersController#create as */*
  Parameters: {"raider"=>{"name"=>"Vienna Toe", "power"=>"4"}}
  [1m[35m (0.2ms)[0m  [1m[35mBEGIN[0m
  [1m[35mSQL (0.4ms)[0m  [1m[32mINSERT INTO "raiders" ("name", "power", "created_at", "updated_at") VALUES ($1, $2, $3, $4) RETURNING "id"[0m  [["name", "Vienna Toe"], ["power", 4], ["created_at", "2018-06-29 20:03:36.920777"], ["updated_at", "2018-06-29 20:03:36.920777"]]
  [1m[35m (6.0ms)[0m  [1m[35mCOMMIT[0m
[active_model_serializers] Rendered RaiderSerializer with ActiveModelSerializers::Adapter::Json (0.31ms)
Completed 201 Created in 10ms (Views: 1.0ms | ActiveRecord: 6.6ms)


Started POST "/raiders" for ::1 at 2018-06-29 16:03:50 -0400
Processing by RaidersController#create as */*
  Parameters: {"raider"=>{"name"=>"Slagomizer Joe", "power"=>"7"}}
  [1m[35m (0.1ms)[0m  [1m[35mBEGIN[0m
  [1m[35mSQL (0.3ms)[0m  [1m[32mINSERT INTO "raiders" ("name", "power", "created_at", "updated_at") VALUES ($1, $2, $3, $4) RETURNING "id"[0m  [["name", "Slagomizer Joe"], ["power", 7], ["created_at", "2018-06-29 20:03:50.995354"], ["updated_at", "2018-06-29 20:03:50.995354"]]
  [1m[35m (5.8ms)[0m  [1m[35mCOMMIT[0m
[active_model_serializers] Rendered RaiderSerializer with ActiveModelSerializers::Adapter::Json (0.38ms)
Completed 201 Created in 10ms (Views: 1.0ms | ActiveRecord: 6.2ms)


Started POST "/raiders" for ::1 at 2018-06-29 16:04:05 -0400
Processing by RaidersController#create as */*
  Parameters: {"raider"=>{"name"=>"Goont", "power"=>"3"}}
  [1m[35m (0.2ms)[0m  [1m[35mBEGIN[0m
  [1m[35mSQL (0.3ms)[0m  [1m[32mINSERT INTO "raiders" ("name", "power", "created_at", "updated_at") VALUES ($1, $2, $3, $4) RETURNING "id"[0m  [["name", "Goont"], ["power", 3], ["created_at", "2018-06-29 20:04:05.697389"], ["updated_at", "2018-06-29 20:04:05.697389"]]
  [1m[35m (5.8ms)[0m  [1m[35mCOMMIT[0m
[active_model_serializers] Rendered RaiderSerializer with ActiveModelSerializers::Adapter::Json (0.26ms)
Completed 201 Created in 9ms (Views: 0.8ms | ActiveRecord: 6.3ms)


Started POST "/raiders" for ::1 at 2018-06-29 16:04:48 -0400
Processing by RaidersController#create as */*
  Parameters: {"raider"=>{"name"=>"Spearvixen", "power"=>"10"}}
  [1m[35m (0.2ms)[0m  [1m[35mBEGIN[0m
  [1m[35mSQL (0.3ms)[0m  [1m[32mINSERT INTO "raiders" ("name", "power", "created_at", "updated_at") VALUES ($1, $2, $3, $4) RETURNING "id"[0m  [["name", "Spearvixen"], ["power", 10], ["created_at", "2018-06-29 20:04:48.263915"], ["updated_at", "2018-06-29 20:04:48.263915"]]
  [1m[35m (5.8ms)[0m  [1m[35mCOMMIT[0m
[active_model_serializers] Rendered RaiderSerializer with ActiveModelSerializers::Adapter::Json (0.31ms)
Completed 201 Created in 10ms (Views: 1.0ms | ActiveRecord: 6.3ms)


Started POST "/raiders" for ::1 at 2018-06-29 16:05:01 -0400
Processing by RaidersController#create as */*
  Parameters: {"raider"=>{"name"=>"Wint", "power"=>"1"}}
  [1m[35m (0.1ms)[0m  [1m[35mBEGIN[0m
  [1m[35mSQL (0.2ms)[0m  [1m[32mINSERT INTO "raiders" ("name", "power", "created_at", "updated_at") VALUES ($1, $2, $3, $4) RETURNING "id"[0m  [["name", "Wint"], ["power", 1], ["created_at", "2018-06-29 20:05:01.276567"], ["updated_at", "2018-06-29 20:05:01.276567"]]
  [1m[35m (5.9ms)[0m  [1m[35mCOMMIT[0m
[active_model_serializers] Rendered RaiderSerializer with ActiveModelSerializers::Adapter::Json (0.38ms)
Completed 201 Created in 9ms (Views: 1.0ms | ActiveRecord: 6.2ms)


Started POST "/raiders" for ::1 at 2018-06-29 16:05:17 -0400
Processing by RaidersController#create as */*
  Parameters: {"raider"=>{"name"=>"Ol' Joe", "power"=>"3"}}
  [1m[35m (0.1ms)[0m  [1m[35mBEGIN[0m
  [1m[35mSQL (0.3ms)[0m  [1m[32mINSERT INTO "raiders" ("name", "power", "created_at", "updated_at") VALUES ($1, $2, $3, $4) RETURNING "id"[0m  [["name", "Ol' Joe"], ["power", 3], ["created_at", "2018-06-29 20:05:17.830831"], ["updated_at", "2018-06-29 20:05:17.830831"]]
  [1m[35m (5.8ms)[0m  [1m[35mCOMMIT[0m
[active_model_serializers] Rendered RaiderSerializer with ActiveModelSerializers::Adapter::Json (0.37ms)
Completed 201 Created in 9ms (Views: 1.1ms | ActiveRecord: 6.2ms)


Started POST "/raiders" for ::1 at 2018-06-29 16:05:37 -0400
Processing by RaidersController#create as */*
  Parameters: {"raider"=>{"name"=>"Barbfrag", "power"=>"9"}}
  [1m[35m (0.1ms)[0m  [1m[35mBEGIN[0m
  [1m[35mSQL (0.3ms)[0m  [1m[32mINSERT INTO "raiders" ("name", "power", "created_at", "updated_at") VALUES ($1, $2, $3, $4) RETURNING "id"[0m  [["name", "Barbfrag"], ["power", 9], ["created_at", "2018-06-29 20:05:37.006808"], ["updated_at", "2018-06-29 20:05:37.006808"]]
  [1m[35m (5.8ms)[0m  [1m[35mCOMMIT[0m
[active_model_serializers] Rendered RaiderSerializer with ActiveModelSerializers::Adapter::Json (0.34ms)
Completed 201 Created in 9ms (Views: 1.0ms | ActiveRecord: 6.3ms)


Started POST "/raiders" for ::1 at 2018-06-29 16:05:56 -0400
Processing by RaidersController#create as */*
  Parameters: {"raider"=>{"name"=>"Timmy Two-Finger", "power"=>"2"}}
  [1m[35m (0.2ms)[0m  [1m[35mBEGIN[0m
  [1m[35mSQL (0.4ms)[0m  [1m[32mINSERT INTO "raiders" ("name", "power", "created_at", "updated_at") VALUES ($1, $2, $3, $4) RETURNING "id"[0m  [["name", "Timmy Two-Finger"], ["power", 2], ["created_at", "2018-06-29 20:05:56.827639"], ["updated_at", "2018-06-29 20:05:56.827639"]]
  [1m[35m (5.7ms)[0m  [1m[35mCOMMIT[0m
[active_model_serializers] Rendered RaiderSerializer with ActiveModelSerializers::Adapter::Json (0.36ms)
Completed 201 Created in 10ms (Views: 1.1ms | ActiveRecord: 6.2ms)


Started GET "/raiders" for ::1 at 2018-06-29 16:06:04 -0400
Processing by RaidersController#index as HTML
  [1m[36mRaider Load (0.3ms)[0m  [1m[34mSELECT "raiders".* FROM "raiders"[0m
[active_model_serializers] Rendered ActiveModel::Serializer::CollectionSerializer with ActiveModelSerializers::Adapter::Json (0.74ms)
Completed 200 OK in 3ms (Views: 2.3ms | ActiveRecord: 0.3ms)


DEPRECATION WARNING: ActiveSupport.halt_callback_chains_on_return_false= is deprecated and will be removed in Rails 5.2. (called from <top (required)> at /Users/rixey/wdi/full-stack-project/heroku-backend-deploy/config/initializers/new_framework_defaults.rb:18)
  [1m[35m (1.1ms)[0m  [1m[34mSELECT "schema_migrations"."version" FROM "schema_migrations" ORDER BY "schema_migrations"."version" ASC[0m
  [1m[35m (0.2ms)[0m  [1m[34mSELECT pg_try_advisory_lock(2240333999022301455)[0m
  [1m[35m (0.2ms)[0m  [1m[34mSELECT "schema_migrations"."version" FROM "schema_migrations" ORDER BY "schema_migrations"."version" ASC[0m
Migrating to CreateRaiders (20180629134313)
  [1m[35m (0.1ms)[0m  [1m[35mBEGIN[0m
  [1m[35m (28.8ms)[0m  [1m[35mDROP TABLE "raiders"[0m
  [1m[35mSQL (0.5ms)[0m  [1m[31mDELETE FROM "schema_migrations" WHERE "schema_migrations"."version" = $1[0m  [["version", "20180629134313"]]
  [1m[35m (7.2ms)[0m  [1m[35mCOMMIT[0m
  [1m[35m (0.3ms)[0m  [1m[34mSELECT pg_advisory_unlock(2240333999022301455)[0m
  [1m[35m (0.3ms)[0m  [1m[34mSELECT "schema_migrations"."version" FROM "schema_migrations" ORDER BY "schema_migrations"."version" ASC[0m
DEPRECATION WARNING: ActiveSupport.halt_callback_chains_on_return_false= is deprecated and will be removed in Rails 5.2. (called from <top (required)> at /Users/rixey/wdi/full-stack-project/heroku-backend-deploy/config/initializers/new_framework_defaults.rb:18)
DEPRECATION WARNING: ActiveSupport.halt_callback_chains_on_return_false= is deprecated and will be removed in Rails 5.2. (called from <top (required)> at /Users/rixey/wdi/full-stack-project/heroku-backend-deploy/config/initializers/new_framework_defaults.rb:18)
DEPRECATION WARNING: ActiveSupport.halt_callback_chains_on_return_false= is deprecated and will be removed in Rails 5.2. (called from <top (required)> at /Users/rixey/wdi/full-stack-project/heroku-backend-deploy/config/initializers/new_framework_defaults.rb:18)
  [1m[35m (0.1ms)[0m  [1m[34mSELECT pg_try_advisory_lock(2240333999022301455)[0m
  [1m[35m (0.5ms)[0m  [1m[34mSELECT "schema_migrations"."version" FROM "schema_migrations" ORDER BY "schema_migrations"."version" ASC[0m
Migrating to CreateRaiders (20180702134726)
  [1m[35m (0.2ms)[0m  [1m[35mBEGIN[0m
  [1m[35m (32.6ms)[0m  [1m[35mCREATE TABLE "raiders" ("id" bigserial primary key, "name" character varying, "power" integer, "users_id" bigint, "created_at" timestamp NOT NULL, "updated_at" timestamp NOT NULL, CONSTRAINT "fk_rails_efdd81da69"
FOREIGN KEY ("users_id")
  REFERENCES "users" ("id")
)[0m
  [1m[35m (1.0ms)[0m  [1m[35mCREATE  INDEX  "index_raiders_on_users_id" ON "raiders"  ("users_id")[0m
  [1m[35mSQL (0.3ms)[0m  [1m[32mINSERT INTO "schema_migrations" ("version") VALUES ($1) RETURNING "version"[0m  [["version", "20180702134726"]]
  [1m[35m (0.9ms)[0m  [1m[35mCOMMIT[0m
  [1m[36mActiveRecord::InternalMetadata Load (0.6ms)[0m  [1m[34mSELECT  "ar_internal_metadata".* FROM "ar_internal_metadata" WHERE "ar_internal_metadata"."key" = $1 LIMIT $2[0m  [["key", "environment"], ["LIMIT", 1]]
  [1m[35m (0.2ms)[0m  [1m[35mBEGIN[0m
  [1m[35m (0.2ms)[0m  [1m[35mCOMMIT[0m
  [1m[35m (0.2ms)[0m  [1m[34mSELECT pg_advisory_unlock(2240333999022301455)[0m
  [1m[35m (0.2ms)[0m  [1m[34mSELECT "schema_migrations"."version" FROM "schema_migrations" ORDER BY "schema_migrations"."version" ASC[0m
